  Entity.cpp
  Image.cpp
  Line.cpp
  Map.cpp
C:\Users\102he\OneDrive\桌面\OOP專題\OOP_Project\OOP_Project\Map.cpp(45,18): warning C4267: '=': 將 'size_t' 轉換為 'int'，資料可能遺失
C:\Users\102he\OneDrive\桌面\OOP專題\OOP_Project\OOP_Project\Map.cpp(56,24): warning C4838: 從 'double' 到 'Sint16' 的轉換必須是縮小轉換
C:\Users\102he\OneDrive\桌面\OOP專題\OOP_Project\OOP_Project\Map.cpp(56,24): warning C4244: '正在初始化': 將 'double' 轉換為 'Sint16'，由於類型不同，可能導致資料遺失
C:\Users\102he\OneDrive\桌面\OOP專題\OOP_Project\OOP_Project\Map.cpp(56,36): warning C4838: 從 'double' 到 'Sint16' 的轉換必須是縮小轉換
C:\Users\102he\OneDrive\桌面\OOP專題\OOP_Project\OOP_Project\Map.cpp(56,36): warning C4244: '正在初始化': 將 'double' 轉換為 'Sint16'，由於類型不同，可能導致資料遺失
C:\Users\102he\OneDrive\桌面\OOP專題\OOP_Project\OOP_Project\Map.cpp(56,48): warning C4838: 從 'double' 到 'Sint16' 的轉換必須是縮小轉換
C:\Users\102he\OneDrive\桌面\OOP專題\OOP_Project\OOP_Project\Map.cpp(56,48): warning C4244: '正在初始化': 將 'double' 轉換為 'Sint16'，由於類型不同，可能導致資料遺失
C:\Users\102he\OneDrive\桌面\OOP專題\OOP_Project\OOP_Project\Map.cpp(56,60): warning C4838: 從 'double' 到 'Sint16' 的轉換必須是縮小轉換
C:\Users\102he\OneDrive\桌面\OOP專題\OOP_Project\OOP_Project\Map.cpp(56,60): warning C4244: '正在初始化': 將 'double' 轉換為 'Sint16'，由於類型不同，可能導致資料遺失
C:\Users\102he\OneDrive\桌面\OOP專題\OOP_Project\OOP_Project\Map.cpp(57,20): warning C4838: 從 'double' 到 'Sint16' 的轉換必須是縮小轉換
C:\Users\102he\OneDrive\桌面\OOP專題\OOP_Project\OOP_Project\Map.cpp(57,20): warning C4244: '正在初始化': 將 'double' 轉換為 'Sint16'，由於類型不同，可能導致資料遺失
C:\Users\102he\OneDrive\桌面\OOP專題\OOP_Project\OOP_Project\Map.cpp(57,25): warning C4838: 從 'double' 到 'Sint16' 的轉換必須是縮小轉換
C:\Users\102he\OneDrive\桌面\OOP專題\OOP_Project\OOP_Project\Map.cpp(57,25): warning C4244: '正在初始化': 將 'double' 轉換為 'Sint16'，由於類型不同，可能導致資料遺失
C:\Users\102he\OneDrive\桌面\OOP專題\OOP_Project\OOP_Project\Map.cpp(57,31): warning C4838: 從 'double' 到 'Sint16' 的轉換必須是縮小轉換
C:\Users\102he\OneDrive\桌面\OOP專題\OOP_Project\OOP_Project\Map.cpp(57,31): warning C4244: '正在初始化': 將 'double' 轉換為 'Sint16'，由於類型不同，可能導致資料遺失
C:\Users\102he\OneDrive\桌面\OOP專題\OOP_Project\OOP_Project\Map.cpp(57,37): warning C4838: 從 'double' 到 'Sint16' 的轉換必須是縮小轉換
C:\Users\102he\OneDrive\桌面\OOP專題\OOP_Project\OOP_Project\Map.cpp(57,37): warning C4244: '正在初始化': 將 'double' 轉換為 'Sint16'，由於類型不同，可能導致資料遺失
C:\Users\102he\OneDrive\桌面\OOP專題\OOP_Project\OOP_Project\Map.cpp(63,11): warning C4244: '正在初始化': 將 'double' 轉換為 'int'，由於類型不同，可能導致資料遺失
C:\Users\102he\OneDrive\桌面\OOP專題\OOP_Project\OOP_Project\Map.cpp(93,16): warning C4244: '=': 將 'double' 轉換為 'int'，由於類型不同，可能導致資料遺失
C:\Users\102he\OneDrive\桌面\OOP專題\OOP_Project\OOP_Project\Map.cpp(96,19): warning C4838: 從 'int' 到 'double' 的轉換必須是縮小轉換
C:\Users\102he\OneDrive\桌面\OOP專題\OOP_Project\OOP_Project\Map.cpp(96,21): warning C4838: 從 'int' 到 'double' 的轉換必須是縮小轉換
C:\Users\102he\OneDrive\桌面\OOP專題\OOP_Project\OOP_Project\Map.cpp(106,22): warning C4244: '+=': 將 'double' 轉換為 'int'，由於類型不同，可能導致資料遺失
C:\Users\102he\OneDrive\桌面\OOP專題\OOP_Project\OOP_Project\Map.cpp(113,23): warning C4244: '+=': 將 'double' 轉換為 'int'，由於類型不同，可能導致資料遺失
  RacingCar.cpp
  RenderWindow.cpp
  Tool.cpp
  main.cpp
  正在產生程式碼...
  OOP_Project.vcxproj -> C:\Users\102he\OneDrive\桌面\OOP專題\OOP_Project\x64\Debug\OOP_Project.exe
